Arguments: 
  D:\app\node\node.exe C:\Users\PC\AppData\Roaming\npm\node_modules\yarn\bin\yarn.js add protobufjs

PATH: 
  D:\app\VMware\bin\;C:\Program Files (x86)\Common Files\Oracle\Java\javapath;C:\WINDOWS\system32;C:\WINDOWS;C:\WINDOWS\System32\Wbem;C:\WINDOWS\System32\WindowsPowerShell\v1.0\;C:\WINDOWS\System32\OpenSSH\;D:\app\Git\cmd;D:\app\laragon\bin\php\php-7.2.19-Win32-VC15-x64;D:\app\laragon\bin\composer;D:\app\node\;D:\app\laragon\bin\mysql\mysql-5.7.24-winx64\bin;D:\app\python;D:\app\vim\vim82;D:\app\python\Scripts;D:\app\Java\JDK;D:\app\sqoop-1.4.6\bin;D:\app\hadoop-2.7.2\bin;D:\app\Java\maven\bin;D:\app\Java\JDK\bin;D:\elasticssearch\elasticsearch-7.11.1\bin;D:\app\scala\bin;D:\app\GO\bin;D:\app\微信web开发者工具\dll;C:\Program Files\Docker\Docker\resources\bin;C:\ProgramData\DockerDesktop\version-bin;D:\app\protobuf\bin;D:\app\GO\code\bin;C:\Users\PC\scoop\shims;C:\Users\PC\AppData\Local\Microsoft\WindowsApps;D:\app\Microsoft VS Code\bin;C:\Users\PC\AppData\Roaming\npm;C:\Users\PC\AppData\Local\Microsoft\WindowsApps;D:\app\GO\bin;

Yarn version: 
  1.22.11

Node version: 
  10.22.1

Platform: 
  win32 x64

Trace: 
  Error: connect ECONNREFUSED 103.36.172.33:58980
      at TCPConnectWrap.afterConnect [as oncomplete] (net.js:1107:14)

npm manifest: 
  {
    "name": "miniprogram-ts-less-quickstart",
    "version": "1.0.0",
    "description": "",
    "scripts": {
    },
    "keywords": [],
    "author": "",
    "license": "",
    "dependencies": {
    },
    "devDependencies": {
      "miniprogram-api-typings": "^2.8.3-1",
      "typescript": "^4.5.2"
    }
  }

yarn manifest: 
  No manifest

Lockfile: 
  # THIS IS AN AUTOGENERATED FILE. DO NOT EDIT THIS FILE DIRECTLY.
  # yarn lockfile v1
  
  
  miniprogram-api-typings@^2.8.3-1:
    version "2.12.0"
    resolved "http://npm.imaitrox.com:58980/miniprogram-api-typings/-/miniprogram-api-typings-2.12.0.tgz#7a29c90f3e5efa36588422d1f01e22d3394aaaa1"
    integrity sha1-einJDz5e+jZYhCLR8B4i0zlKqqE=
  
  typescript@^4.5.2:
    version "4.5.2"
    resolved "http://npm.imaitrox.com:58980/typescript/-/typescript-4.5.2.tgz#8ac1fba9f52256fdb06fb89e4122fa6a346c2998"
    integrity sha1-isH7qfUiVv2wb7ieQSL6ajRsKZg=
